\BOOKMARK [0][-]{chapter.1}{\376\377\230\171\166\356\200\314\146\157\116\016\166\356\150\007}{}% 1
\BOOKMARK [1][-]{section.1.1}{\376\377\200\314\146\157\116\016\141\017\116\111}{chapter.1}% 2
\BOOKMARK [1][-]{section.1.2}{\376\377\230\171\166\356\166\356\150\007\116\016\116\244\116\330\162\151}{chapter.1}% 3
\BOOKMARK [1][-]{section.1.3}{\376\377\213\276\213\241\123\237\122\031\116\016\213\304\116\367\143\007\150\007}{chapter.1}% 4
\BOOKMARK [1][-]{section.1.4}{\376\377\213\276\213\241\176\246\147\137\116\016\123\326\202\015}{chapter.1}% 5
\BOOKMARK [0][-]{chapter.2}{\376\377\174\373\176\337\140\073\117\123\147\266\147\204\116\016\155\101\172\013}{}% 6
\BOOKMARK [1][-]{section.2.1}{\376\377\140\073\117\123\147\266\147\204}{chapter.2}% 7
\BOOKMARK [1][-]{section.2.2}{\376\377\166\356\137\125\176\323\147\204}{chapter.2}% 8
\BOOKMARK [2][-]{subsection.2.2.1}{\376\377\166\356\137\125\150\021\377\010\202\202\220\011\377\011}{section.2.2}% 9
\BOOKMARK [1][-]{section.2.3}{\376\377\116\316\000\040\000C\000\040\122\060\000\040\000F\000P\000G\000A\000\040\166\204\155\101\172\013}{chapter.2}% 10
\BOOKMARK [0][-]{chapter.3}{\376\377\143\007\116\344\226\306\116\016\142\147\210\114\152\041\127\213}{}% 11
\BOOKMARK [1][-]{section.3.1}{\376\377\000R\000V\0003\0002\000I\000\040\133\120\226\306\145\057\143\001}{chapter.3}% 12
\BOOKMARK [1][-]{section.3.2}{\376\377\143\007\116\344\150\074\137\017\116\016\133\304\133\130\126\150\152\041\127\213}{chapter.3}% 13
\BOOKMARK [1][-]{section.3.3}{\376\377\142\147\210\114\152\041\127\213\116\016\121\205\133\130\174\373\176\337}{chapter.3}% 14
\BOOKMARK [1][-]{section.3.4}{\376\377\154\107\177\026\171\072\117\213}{chapter.3}% 15
\BOOKMARK [0][-]{chapter.4}{\376\377\177\026\213\321\126\150\213\276\213\241\116\016\133\236\163\260}{}% 16
\BOOKMARK [1][-]{section.4.1}{\376\377\140\073\117\123\147\266\147\204}{chapter.4}% 17
\BOOKMARK [1][-]{section.4.2}{\376\377\213\315\154\325\116\016\213\355\154\325\122\006\147\220}{chapter.4}% 18
\BOOKMARK [1][-]{section.4.3}{\376\377\213\355\116\111\122\006\147\220\116\016\116\343\170\001\165\037\142\020}{chapter.4}% 19
\BOOKMARK [1][-]{section.4.4}{\376\377\154\107\177\026\126\150\116\016\224\376\143\245\126\150}{chapter.4}% 20
\BOOKMARK [0][-]{chapter.5}{\376\377\000B\000I\000O\000S\000\040\126\372\116\366\116\016\217\157\116\366\217\320\210\114\145\366}{}% 21
\BOOKMARK [1][-]{section.5.1}{\376\377\000B\000I\000O\000S\000\040\213\276\213\241\166\356\150\007}{chapter.5}% 22
\BOOKMARK [1][-]{section.5.2}{\376\377\124\057\122\250\155\101\172\013\116\016\000\040\000B\000o\000o\000t\000l\000o\000a\000d\000e\000r}{chapter.5}% 23
\BOOKMARK [1][-]{section.5.3}{\376\377\000B\000I\000O\000S\000\040\143\245\123\343\122\027\210\150\377\010\202\202\220\011\377\011}{chapter.5}% 24
\BOOKMARK [1][-]{section.5.4}{\376\377\136\224\165\050\171\072\117\213\377\032\213\241\173\227\126\150}{chapter.5}% 25
\BOOKMARK [0][-]{chapter.6}{\376\377\217\157\170\154\116\366\123\117\124\014\213\276\213\241}{}% 26
\BOOKMARK [1][-]{section.6.1}{\376\377\123\117\124\014\213\276\213\241\166\356\150\007}{chapter.6}% 27
\BOOKMARK [1][-]{section.6.2}{\376\377\214\003\165\050\176\246\133\232\116\016\150\010\136\047\152\041\127\213}{chapter.6}% 28
\BOOKMARK [1][-]{section.6.3}{\376\377\000B\000I\000O\000S\000\040\174\373\176\337\214\003\165\050\210\150\147\072\122\066}{chapter.6}% 29
\BOOKMARK [1][-]{section.6.4}{\376\377\121\205\133\130\136\003\134\100\116\016\217\157\116\366\210\145\120\177}{chapter.6}% 30
\BOOKMARK [0][-]{chapter.7}{\376\377\000C\000P\000U\000\040\137\256\147\266\147\204\213\276\213\241}{}% 31
\BOOKMARK [1][-]{section.7.1}{\376\377\213\276\213\241\140\073\211\310}{chapter.7}% 32
\BOOKMARK [1][-]{section.7.2}{\376\377\145\160\143\156\220\032\215\357\116\016\143\247\122\066\220\032\215\357\122\006\171\273}{chapter.7}% 33
\BOOKMARK [1][-]{section.7.3}{\376\377\116\224\176\247\155\101\154\064\176\277\176\323\147\204}{chapter.7}% 34
\BOOKMARK [1][-]{section.7.4}{\376\377\123\326\143\007\116\016\116\013\116\000\000\040\000P\000C\000\040\220\073\217\221}{chapter.7}% 35
\BOOKMARK [2][-]{subsection.7.4.1}{\376\377\000P\000C\000/\000N\000P\000C\000\040\133\236\163\260\162\107\153\265\116\016\211\343\221\312}{section.7.4}% 36
\BOOKMARK [2][-]{subsection.7.4.2}{\376\377\000I\000F\000/\000I\000D\000\040\116\016\000\040\000I\000D\000/\000E\000X\000\040\133\304\133\130\126\150\162\107\153\265}{section.7.4}% 37
\BOOKMARK [1][-]{section.7.5}{\376\377\213\321\170\001\116\016\133\304\133\130\126\150\130\006}{chapter.7}% 38
\BOOKMARK [2][-]{subsection.7.5.1}{\376\377\172\313\123\163\145\160\142\151\134\125\171\072\141\017\116\343\170\001}{section.7.5}% 39
\BOOKMARK [1][-]{section.7.6}{\376\377\142\147\210\114\226\066\153\265\377\010\000E\000X\377\011}{chapter.7}% 40
\BOOKMARK [2][-]{subsection.7.6.1}{\376\377\000A\000L\000U\000\040\217\320\173\227\116\016\122\006\145\057\150\007\137\327\162\107\153\265}{section.7.6}% 41
\BOOKMARK [1][-]{section.7.7}{\376\377\213\277\133\130\226\066\153\265\377\010\000M\000E\000M\377\011}{chapter.7}% 42
\BOOKMARK [1][-]{section.7.8}{\376\377\121\231\126\336\226\066\153\265\377\010\000W\000B\377\011}{chapter.7}% 43
\BOOKMARK [1][-]{section.7.9}{\376\377\155\101\154\064\176\277\133\304\133\130\126\150\116\016\226\066\153\265\226\224\171\273}{chapter.7}% 44
\BOOKMARK [1][-]{section.7.10}{\376\377\121\163\225\056\143\247\122\066\117\341\123\367\213\364\146\016}{chapter.7}% 45
\BOOKMARK [1][-]{section.7.11}{\376\377\152\041\127\127\176\247\122\022\122\006\116\016\200\114\215\043}{chapter.7}% 46
\BOOKMARK [1][-]{section.7.12}{\376\377\143\007\116\344\155\101\122\250\166\204\124\150\147\037\176\247\171\072\117\213}{chapter.7}% 47
\BOOKMARK [1][-]{section.7.13}{\376\377\116\015\124\014\143\007\116\344\174\173\127\213\166\204\142\147\210\114\215\357\137\204}{chapter.7}% 48
\BOOKMARK [0][-]{chapter.8}{\376\377\143\247\122\066\220\073\217\221\116\016\121\222\226\151\131\004\164\006}{}% 49
\BOOKMARK [1][-]{section.8.1}{\376\377\143\247\122\066\117\341\123\367\165\037\142\020}{chapter.8}% 50
\BOOKMARK [1][-]{section.8.2}{\376\377\145\160\143\156\121\222\226\151\131\004\164\006}{chapter.8}% 51
\BOOKMARK [2][-]{subsection.8.2.1}{\376\377\145\160\143\156\121\222\226\151\150\300\155\113\116\016\122\115\220\022\162\107\153\265}{section.8.2}% 52
\BOOKMARK [1][-]{section.8.3}{\376\377\143\247\122\066\121\222\226\151\131\004\164\006}{chapter.8}% 53
\BOOKMARK [2][-]{subsection.8.3.1}{\376\377\143\247\122\066\121\222\226\151\150\300\155\113\162\107\153\265}{section.8.3}% 54
\BOOKMARK [0][-]{chapter.9}{\376\377\155\101\154\064\176\277\140\047\200\375\116\016\145\366\136\217\122\006\147\220}{}% 55
\BOOKMARK [1][-]{section.9.1}{\376\377\164\006\140\363\124\036\124\020\116\016\000\040\000C\000P\000I}{chapter.9}% 56
\BOOKMARK [1][-]{section.9.2}{\376\377\122\006\145\057\140\351\177\132\122\006\147\220}{chapter.9}% 57
\BOOKMARK [1][-]{section.9.3}{\376\377\000L\000o\000a\000d\000-\000U\000s\000e\000\040\121\222\226\151\116\016\120\134\230\177}{chapter.9}% 58
\BOOKMARK [1][-]{section.9.4}{\376\377\145\366\136\217\116\016\121\163\225\056\215\357\137\204}{chapter.9}% 59
\BOOKMARK [0][-]{chapter.10}{\376\377\133\130\120\250\174\373\176\337\116\016\140\073\176\277\213\276\213\241}{}% 60
\BOOKMARK [1][-]{section.10.1}{\376\377\000I\000R\000O\000M\000\040\116\016\000\040\000D\000R\000A\000M}{chapter.10}% 61
\BOOKMARK [1][-]{section.10.2}{\376\377\000P\000R\000A\000M\000\040\116\016\000\040\000B\000o\000o\000t\000l\000o\000a\000d\000e\000r}{chapter.10}% 62
\BOOKMARK [1][-]{section.10.3}{\376\377\140\073\176\277\150\145\116\016\127\060\127\100\211\343\170\001}{chapter.10}% 63
\BOOKMARK [1][-]{section.10.4}{\376\377\000M\000M\000I\000O\000\040\127\060\127\100\146\040\134\004}{chapter.10}% 64
\BOOKMARK [0][-]{chapter.11}{\376\377\131\026\213\276\143\247\122\066\126\150\213\276\213\241}{}% 65
\BOOKMARK [1][-]{section.11.1}{\376\377\145\160\170\001\173\241\377\010\0007\000-\000S\000e\000g\377\011}{chapter.11}% 66
\BOOKMARK [1][-]{section.11.2}{\376\377\0004\000\327\0004\000\040\167\351\226\065\225\056\166\330}{chapter.11}% 67
\BOOKMARK [1][-]{section.11.3}{\376\377\000L\000E\000D\000\040\000/\000\040\000S\000w\000i\000t\000c\000h\000\040\000/\000\040\000B\000u\000t\000t\000o\000n}{chapter.11}% 68
\BOOKMARK [1][-]{section.11.4}{\376\377\000U\000A\000R\000T}{chapter.11}% 69
\BOOKMARK [1][-]{section.11.5}{\376\377\000T\000i\000m\000e\000r\000\040\000/\000\040\000P\000W\000M\000\040\000/\000\040\000W\000D\000T}{chapter.11}% 70
\BOOKMARK [0][-]{chapter.12}{\376\377\000F\000P\000G\000A\000\040\133\236\163\260\116\016\176\246\147\137}{}% 71
\BOOKMARK [1][-]{section.12.1}{\376\377\000V\000i\000v\000a\000d\000o\000\040\135\345\172\013\116\016\145\366\224\237\174\373\176\337}{chapter.12}% 72
\BOOKMARK [1][-]{section.12.2}{\376\377\215\104\156\220\122\051\165\050\163\207\377\010\176\374\124\010\377\011}{chapter.12}% 73
\BOOKMARK [1][-]{section.12.3}{\376\377\145\366\136\217\176\323\147\234\377\010\133\236\163\260\377\011}{chapter.12}% 74
\BOOKMARK [0][-]{chapter.13}{\376\377\214\003\213\325\116\016\232\214\213\301\145\271\154\325\213\272}{}% 75
\BOOKMARK [1][-]{section.13.1}{\376\377\122\006\134\102\214\003\213\325\140\035\215\357}{chapter.13}% 76
\BOOKMARK [1][-]{section.13.2}{\376\377\123\357\211\302\155\113\160\271\213\276\213\241}{chapter.13}% 77
\BOOKMARK [1][-]{section.13.3}{\376\377\116\062\123\343\214\003\213\325\116\016\145\345\137\327}{chapter.13}% 78
\BOOKMARK [1][-]{section.13.4}{\376\377\136\070\211\301\225\356\230\230\116\016\133\232\117\115\136\372\213\256}{chapter.13}% 79
\BOOKMARK [0][-]{chapter.14}{\376\377\217\157\116\366\171\072\117\213\116\016\133\236\232\214\232\214\213\301}{}% 80
\BOOKMARK [1][-]{section.14.1}{\376\377\171\072\117\213\172\013\136\217}{chapter.14}% 81
\BOOKMARK [1][-]{section.14.2}{\376\377\122\237\200\375\232\214\213\301\145\271\154\325}{chapter.14}% 82
\BOOKMARK [0][-]{chapter.15}{\376\377\145\131\133\146\133\236\232\214\213\276\213\241\116\016\142\151\134\125}{}% 83
\BOOKMARK [1][-]{section.15.1}{\376\377\133\236\232\214\166\356\150\007\116\016\134\102\153\041}{chapter.15}% 84
\BOOKMARK [1][-]{section.15.2}{\376\377\143\250\203\120\133\236\232\214\122\027\210\150}{chapter.15}% 85
\BOOKMARK [1][-]{section.15.3}{\376\377\133\236\232\214\142\151\134\125\136\372\213\256}{chapter.15}% 86
\BOOKMARK [0][-]{chapter.16}{\376\377\140\073\176\323\116\016\134\125\147\033}{}% 87
\BOOKMARK [0][-]{appendix.A}{\376\377\177\026\213\321\116\016\217\320\210\114\124\175\116\344\220\037\147\345}{}% 88
\BOOKMARK [0][-]{appendix.B}{\376\377\143\007\116\344\226\306\145\057\143\001\156\005\123\125\377\010\213\346\176\306\377\011}{}% 89
\BOOKMARK [0][-]{appendix.C}{\376\377\000B\000I\000O\000S\000\040\000A\000P\000I\000\040\133\214\145\164\156\005\123\125}{}% 90
\BOOKMARK [0][-]{appendix.D}{\376\377\000M\000M\000I\000O\000\040\127\060\127\100\146\040\134\004\377\010\133\214\145\164\377\011}{}% 91
\BOOKMARK [0][-]{appendix.E}{\376\377\150\070\137\303\152\041\127\127\123\237\164\006\144\130\211\201}{}% 92
\BOOKMARK [1][-]{section.E.1}{\376\377\000m\000i\000n\000i\000R\000V\000\137\000S\000o\000C\000\040\230\166\134\102}{appendix.E}% 93
\BOOKMARK [1][-]{section.E.2}{\376\377\000m\000y\000C\000P\000U\000\040\150\070\137\303}{appendix.E}% 94
\BOOKMARK [1][-]{section.E.3}{\376\377\000c\000o\000n\000t\000r\000o\000l\000l\000e\000r\000\040\116\016\000\040\000A\000L\000U}{appendix.E}% 95
\BOOKMARK [1][-]{section.E.4}{\376\377\121\222\226\151\150\300\155\113\116\016\155\101\154\064\176\277\133\304\133\130\126\150}{appendix.E}% 96
\BOOKMARK [1][-]{section.E.5}{\376\377\000B\000r\000i\000d\000g\000e\000\040\116\016\162\107\116\012\116\222\217\336}{appendix.E}% 97
\BOOKMARK [0][-]{appendix.F}{\376\377\131\026\213\276\152\041\127\127\123\237\164\006\144\130\211\201}{}% 98
\BOOKMARK [1][-]{section.F.1}{\376\377\145\160\170\001\173\241\143\247\122\066}{appendix.F}% 99
\BOOKMARK [1][-]{section.F.2}{\376\377\0004\000\327\0004\000\040\167\351\226\065\225\056\166\330}{appendix.F}% 100
\BOOKMARK [1][-]{section.F.3}{\376\377\000U\000A\000R\000T}{appendix.F}% 101
\BOOKMARK [1][-]{section.F.4}{\376\377\000T\000i\000m\000e\000r\000\040\000/\000\040\000P\000W\000M\000\040\000/\000\040\000W\000D\000T}{appendix.F}% 102
\BOOKMARK [1][-]{section.F.5}{\376\377\000L\000E\000D\000\040\000/\000\040\000S\000w\000i\000t\000c\000h\000\040\000/\000\040\000B\000u\000t\000t\000o\000n}{appendix.F}% 103
\BOOKMARK [0][-]{appendix.G}{\376\377\177\026\213\321\126\150\152\041\127\127\123\237\164\006\144\130\211\201}{}% 104
\BOOKMARK [1][-]{section.G.1}{\376\377\122\115\172\357\377\032\213\315\154\325\116\016\213\355\154\325}{appendix.G}% 105
\BOOKMARK [1][-]{section.G.2}{\376\377\213\355\116\111\122\006\147\220\116\016\173\046\123\367\210\150}{appendix.G}% 106
\BOOKMARK [1][-]{section.G.3}{\376\377\116\343\170\001\165\037\142\020\116\016\150\010\136\047\173\241\164\006}{appendix.G}% 107
\BOOKMARK [1][-]{section.G.4}{\376\377\154\107\177\026\116\016\224\376\143\245}{appendix.G}% 108
\BOOKMARK [0][-]{appendix.H}{\376\377\171\072\117\213\172\013\136\217\213\364\146\016}{}% 109
\BOOKMARK [1][-]{section.H.1}{\376\377\213\241\173\227\126\150}{appendix.H}% 110
\BOOKMARK [1][-]{section.H.2}{\376\377\000L\000E\000D\000\040\154\342\155\152\160\157}{appendix.H}% 111
\BOOKMARK [1][-]{section.H.3}{\376\377\142\350\170\001\137\000\121\163\143\247\122\066}{appendix.H}% 112
\BOOKMARK [0][-]{appendix.I}{\376\377\154\107\177\026\116\016\000\040\000C\000O\000E\000\040\217\223\121\372\176\323\147\204\213\364\146\016}{}% 113
\BOOKMARK [1][-]{section.I.1}{\376\377\154\107\177\026\217\223\121\372\176\304\176\307}{appendix.I}% 114
\BOOKMARK [1][-]{section.I.2}{\376\377\000C\000O\000E\000\040\150\074\137\017\211\201\160\271}{appendix.I}% 115
