#-----------------------------------------------------------
# Vivado v2017.4 (64-bit)
# SW Build 2086221 on Fri Dec 15 20:54:30 MST 2017
# IP Build 2085800 on Fri Dec 15 22:25:07 MST 2017
# Start of session at: Sun Jan 18 13:51:14 2026
# Process ID: 18314
# Current directory: /home/vessel/SEU-RISCV-CPU
# Command line: vivado
# Log file: /home/vessel/SEU-RISCV-CPU/vivado.log
# Journal file: /home/vessel/SEU-RISCV-CPU/vivado.jou
#-----------------------------------------------------------
start_gui
open_project /home/vessel/SEU-RISCV-CPU/rvTest/rvTest.xpr
Scanning sources...
Finished scanning sources
INFO: [IP_Flow 19-234] Refreshing IP repositories
INFO: [IP_Flow 19-1704] No user IP repositories specified
INFO: [IP_Flow 19-2313] Loaded Vivado IP repository '/opt/Xilinx/Vivado/2017.4/data/ip'.
WARNING: [IP_Flow 19-3664] IP 'IROM' generated file not found '/home/vessel/SEU-RISCV-CPU/rvTest/rvTest.srcs/sources_1/ip/IROM_1/IROM.dcp'. Please regenerate to continue.
WARNING: [IP_Flow 19-3664] IP 'IROM' generated file not found '/home/vessel/SEU-RISCV-CPU/rvTest/rvTest.srcs/sources_1/ip/IROM_1/IROM_stub.v'. Please regenerate to continue.
WARNING: [IP_Flow 19-3664] IP 'IROM' generated file not found '/home/vessel/SEU-RISCV-CPU/rvTest/rvTest.srcs/sources_1/ip/IROM_1/IROM_stub.vhdl'. Please regenerate to continue.
WARNING: [IP_Flow 19-3664] IP 'IROM' generated file not found '/home/vessel/SEU-RISCV-CPU/rvTest/rvTest.srcs/sources_1/ip/IROM_1/IROM_sim_netlist.v'. Please regenerate to continue.
WARNING: [IP_Flow 19-3664] IP 'IROM' generated file not found '/home/vessel/SEU-RISCV-CPU/rvTest/rvTest.srcs/sources_1/ip/IROM_1/IROM_sim_netlist.vhdl'. Please regenerate to continue.
update_compile_order -fileset sources_1
